This is XeTeX, Version 3.141592653-2.6-0.999995 (MiKTeX 24.1) (preloaded format=xelatex 2026.4.9)  9 APR 2026 22:39
entering extended mode
 restricted \write18 enabled.
 %&-line parsing enabled.
**./main.tex
(main.tex
LaTeX2e <2023-11-01> patch level 1
L3 programming layer <2024-01-04>
(C:\Users\ASUS\AppData\Local\Programs\MiKTeX\tex/latex/base\article.cls
Document Class: article 2023/05/17 v1.4n Standard LaTeX document class
(C:\Users\ASUS\AppData\Local\Programs\MiKTeX\tex/latex/base\size12.clo
File: size12.clo 2023/05/17 v1.4n Standard LaTeX file (size option)
)
\c@part=\count183
\c@section=\count184
\c@subsection=\count185
\c@subsubsection=\count186
\c@paragraph=\count187
\c@subparagraph=\count188
\c@figure=\count189
\c@table=\count190
\abovecaptionskip=\skip48
\belowcaptionskip=\skip49
\bibindent=\dimen140
)
(C:\Users\ASUS\AppData\Local\Programs\MiKTeX\tex/latex/geometry\geometry.sty
Package: geometry 2020/01/02 v5.9 Page Geometry

(C:\Users\ASUS\AppData\Local\Programs\MiKTeX\tex/latex/graphics\keyval.sty
Package: keyval 2022/05/29 v1.15 key=value parser (DPC)
\KV@toks@=\toks17
)
(C:\Users\ASUS\AppData\Local\Programs\MiKTeX\tex/generic/iftex\ifvtex.sty
Package: ifvtex 2019/10/25 v1.7 ifvtex legacy package. Use iftex instead.

(C:\Users\ASUS\AppData\Local\Programs\MiKTeX\tex/generic/iftex\iftex.sty
Package: iftex 2022/02/03 v1.0f TeX engine tests
))
\Gm@cnth=\count191
\Gm@cntv=\count192
\c@Gm@tempcnt=\count193
\Gm@bindingoffset=\dimen141
\Gm@wd@mp=\dimen142
\Gm@odd@mp=\dimen143
\Gm@even@mp=\dimen144
\Gm@layoutwidth=\dimen145
\Gm@layoutheight=\dimen146
\Gm@layouthoffset=\dimen147
\Gm@layoutvoffset=\dimen148
\Gm@dimlist=\toks18

(C:\Users\ASUS\AppData\Local\Programs\MiKTeX\tex/latex/geometry\geometry.cfg))
(C:\Users\ASUS\AppData\Local\Programs\MiKTeX\tex/latex/fontspec\fontspec.sty
(C:\Users\ASUS\AppData\Local\Programs\MiKTeX\tex/latex/l3packages/xparse\xparse
.sty (C:\Users\ASUS\AppData\Local\Programs\MiKTeX\tex/latex/l3kernel\expl3.sty
Package: expl3 2024-01-04 L3 programming layer (loader) 

(C:\Users\ASUS\AppData\Local\Programs\MiKTeX\tex/latex/l3backend\l3backend-xete
x.def
File: l3backend-xetex.def 2024-01-04 L3 backend support: XeTeX
\g__graphics_track_int=\count194
\l__pdf_internal_box=\box51
\g__pdf_backend_object_int=\count195
\g__pdf_backend_annotation_int=\count196
\g__pdf_backend_link_int=\count197
))
Package: xparse 2023-10-10 L3 Experimental document command parser
)
Package: fontspec 2022/01/15 v2.8a Font selection for XeLaTeX and LuaLaTeX

(C:\Users\ASUS\AppData\Local\Programs\MiKTeX\tex/latex/fontspec\fontspec-xetex.
sty
Package: fontspec-xetex 2022/01/15 v2.8a Font selection for XeLaTeX and LuaLaTe
X
\l__fontspec_script_int=\count198
\l__fontspec_language_int=\count199
\l__fontspec_strnum_int=\count266
\l__fontspec_tmp_int=\count267
\l__fontspec_tmpa_int=\count268
\l__fontspec_tmpb_int=\count269
\l__fontspec_tmpc_int=\count270
\l__fontspec_em_int=\count271
\l__fontspec_emdef_int=\count272
\l__fontspec_strong_int=\count273
\l__fontspec_strongdef_int=\count274
\l__fontspec_tmpa_dim=\dimen149
\l__fontspec_tmpb_dim=\dimen150
\l__fontspec_tmpc_dim=\dimen151
 (C:\Users\ASUS\AppData\Local\Programs\MiKTeX\tex/latex/base\fontenc.sty
Package: fontenc 2021/04/29 v2.0v Standard LaTeX package
)
(C:\Users\ASUS\AppData\Local\Programs\MiKTeX\tex/latex/fontspec\fontspec.cfg)))
(C:\Users\ASUS\AppData\Local\Programs\MiKTeX\tex/generic/babel\babel.sty
Package: babel 2024/01/07 v24.1 The Babel package
\babel@savecnt=\count275
\U@D=\dimen152
\l@unhyphenated=\language79

(C:\Users\ASUS\AppData\Local\Programs\MiKTeX\tex/generic/babel\xebabel.def)
\bbl@readstream=\read2
\bbl@dirlevel=\count276

*************************************
* Local config file bblopts.cfg used
*
(C:\Users\ASUS\AppData\Local\Programs\MiKTeX\tex/latex/arabi\bblopts.cfg
File: bblopts.cfg 2005/09/08 v0.1 add Arabic and Farsi to "declared" options of
 babel
)
(C:\Users\ASUS\AppData\Local\Programs\MiKTeX\tex/latex/babel-vietnamese\vietnam
ese.ldf
Language: vietnamese 


Package babel Warning: No hyphenation patterns were preloaded for
(babel)                the language 'Vietnamese' into the format.
(babel)                Please, configure your TeX system to add them and
(babel)                rebuild the format. Now I will use the patterns
(babel)                preloaded for \language=0 instead on input line 36.

Package babel Info: Hyphen rules for 'vietnamese' set to \l@english
(babel)             (\language0). Reported on input line 37.
Package babel Info: Hyphen rules for 'vietnam' set to \l@english
(babel)             (\language0). Reported on input line 38.
Package babel Info: Making " an active character on input line 147.
))
(C:\Users\ASUS\AppData\Local\Programs\MiKTeX\tex/generic/babel/locale/vi\babel-
vietnamese.tex
Package babel Info: Importing font and identification data for vietnamese
(babel)             from babel-vi.ini. Reported on input line 11.
)
(C:\Users\ASUS\AppData\Local\Programs\MiKTeX\tex/latex/hyperref\hyperref.sty
Package: hyperref 2023-11-26 v7.01g Hypertext links for LaTeX

(C:\Users\ASUS\AppData\Local\Programs\MiKTeX\tex/generic/infwarerr\infwarerr.st
y
Package: infwarerr 2019/12/03 v1.5 Providing info/warning/error messages (HO)
)
(C:\Users\ASUS\AppData\Local\Programs\MiKTeX\tex/latex/kvsetkeys\kvsetkeys.sty
Package: kvsetkeys 2022-10-05 v1.19 Key value parser (HO)
)
(C:\Users\ASUS\AppData\Local\Programs\MiKTeX\tex/generic/kvdefinekeys\kvdefinek
eys.sty
Package: kvdefinekeys 2019-12-19 v1.6 Define keys (HO)
)
(C:\Users\ASUS\AppData\Local\Programs\MiKTeX\tex/generic/pdfescape\pdfescape.st
y
Package: pdfescape 2019/12/09 v1.15 Implements pdfTeX's escape features (HO)
 (C:\Users\ASUS\AppData\Local\Programs\MiKTeX\tex/generic/ltxcmds\ltxcmds.sty
Package: ltxcmds 2023-12-04 v1.26 LaTeX kernel commands for general use (HO)
)
(C:\Users\ASUS\AppData\Local\Programs\MiKTeX\tex/generic/pdftexcmds\pdftexcmds.
sty
Package: pdftexcmds 2020-06-27 v0.33 Utility functions of pdfTeX for LuaTeX (HO
)
Package pdftexcmds Info: \pdf@primitive is available.
Package pdftexcmds Info: \pdf@ifprimitive is available.
Package pdftexcmds Info: \pdfdraftmode not found.
))
(C:\Users\ASUS\AppData\Local\Programs\MiKTeX\tex/latex/hycolor\hycolor.sty
Package: hycolor 2020-01-27 v1.10 Color options for hyperref/bookmark (HO)
)
(C:\Users\ASUS\AppData\Local\Programs\MiKTeX\tex/latex/letltxmacro\letltxmacro.
sty
Package: letltxmacro 2019/12/03 v1.6 Let assignment for LaTeX macros (HO)
) (C:\Users\ASUS\AppData\Local\Programs\MiKTeX\tex/latex/auxhook\auxhook.sty
Package: auxhook 2019-12-17 v1.6 Hooks for auxiliary files (HO)
) (C:\Users\ASUS\AppData\Local\Programs\MiKTeX\tex/latex/hyperref\nameref.sty
Package: nameref 2023-11-26 v2.56 Cross-referencing by name of section

(C:\Users\ASUS\AppData\Local\Programs\MiKTeX\tex/latex/refcount\refcount.sty
Package: refcount 2019/12/15 v3.6 Data extraction from label references (HO)
)
(C:\Users\ASUS\AppData\Local\Programs\MiKTeX\tex/generic/gettitlestring\gettitl
estring.sty
Package: gettitlestring 2019/12/15 v1.6 Cleanup title references (HO)

(C:\Users\ASUS\AppData\Local\Programs\MiKTeX\tex/latex/kvoptions\kvoptions.sty
Package: kvoptions 2022-06-15 v3.15 Key value format for package options (HO)
))
\c@section@level=\count277
) (C:\Users\ASUS\AppData\Local\Programs\MiKTeX\tex/latex/etoolbox\etoolbox.sty
Package: etoolbox 2020/10/05 v2.5k e-TeX tools for LaTeX (JAW)
\etb@tempcnta=\count278
)
\@linkdim=\dimen153
\Hy@linkcounter=\count279
\Hy@pagecounter=\count280
 (C:\Users\ASUS\AppData\Local\Programs\MiKTeX\tex/latex/hyperref\pd1enc.def
File: pd1enc.def 2023-11-26 v7.01g Hyperref: PDFDocEncoding definition (HO)
)
(C:\Users\ASUS\AppData\Local\Programs\MiKTeX\tex/generic/intcalc\intcalc.sty
Package: intcalc 2019/12/15 v1.3 Expandable calculations with integers (HO)
)
\Hy@SavedSpaceFactor=\count281

(C:\Users\ASUS\AppData\Local\Programs\MiKTeX\tex/latex/hyperref\puenc.def
File: puenc.def 2023-11-26 v7.01g Hyperref: PDF Unicode definition (HO)
)
Package hyperref Info: Hyper figures OFF on input line 4181.
Package hyperref Info: Link nesting OFF on input line 4186.
Package hyperref Info: Hyper index ON on input line 4189.
Package hyperref Info: Plain pages OFF on input line 4196.
Package hyperref Info: Backreferencing OFF on input line 4201.
Package hyperref Info: Implicit mode ON; LaTeX internals redefined.
Package hyperref Info: Bookmarks ON on input line 4448.
\c@Hy@tempcnt=\count282

(C:\Users\ASUS\AppData\Local\Programs\MiKTeX\tex/latex/url\url.sty
\Urlmuskip=\muskip16
Package: url 2013/09/16  ver 3.4  Verb mode for urls, etc.
)
LaTeX Info: Redefining \url on input line 4786.
\XeTeXLinkMargin=\dimen154

(C:\Users\ASUS\AppData\Local\Programs\MiKTeX\tex/generic/bitset\bitset.sty
Package: bitset 2019/12/09 v1.3 Handle bit-vector datatype (HO)

(C:\Users\ASUS\AppData\Local\Programs\MiKTeX\tex/generic/bigintcalc\bigintcalc.
sty
Package: bigintcalc 2019/12/15 v1.5 Expandable calculations on big integers (HO
)
))
\Fld@menulength=\count283
\Field@Width=\dimen155
\Fld@charsize=\dimen156
Package hyperref Info: Hyper figures OFF on input line 6065.
Package hyperref Info: Link nesting OFF on input line 6070.
Package hyperref Info: Hyper index ON on input line 6073.
Package hyperref Info: backreferencing OFF on input line 6080.
Package hyperref Info: Link coloring OFF on input line 6085.
Package hyperref Info: Link coloring with OCG OFF on input line 6090.
Package hyperref Info: PDF/A mode OFF on input line 6095.

(C:\Users\ASUS\AppData\Local\Programs\MiKTeX\tex/latex/base\atbegshi-ltx.sty
Package: atbegshi-ltx 2021/01/10 v1.0c Emulation of the original atbegshi
package with kernel methods
)
\Hy@abspage=\count284
\c@Item=\count285
\c@Hfootnote=\count286
)
Package hyperref Info: Driver (autodetected): hxetex.

(C:\Users\ASUS\AppData\Local\Programs\MiKTeX\tex/latex/hyperref\hxetex.def
File: hxetex.def 2023-11-26 v7.01g Hyperref driver for XeTeX

(C:\Users\ASUS\AppData\Local\Programs\MiKTeX\tex/generic/stringenc\stringenc.st
y
Package: stringenc 2019/11/29 v1.12 Convert strings between diff. encodings (HO
)
)
\pdfm@box=\box52
\c@Hy@AnnotLevel=\count287
\HyField@AnnotCount=\count288
\Fld@listcount=\count289
\c@bookmark@seq@number=\count290

(C:\Users\ASUS\AppData\Local\Programs\MiKTeX\tex/latex/rerunfilecheck\rerunfile
check.sty
Package: rerunfilecheck 2025-06-21 v1.11 Rerun checks for auxiliary files (HO)

(C:\Users\ASUS\AppData\Local\Programs\MiKTeX\tex/generic/uniquecounter\uniqueco
unter.sty
Package: uniquecounter 2019/12/15 v1.4 Provide unlimited unique counter (HO)
)
Package uniquecounter Info: New unique counter `rerunfilecheck' on input line 2
84.
)
\Hy@SectionHShift=\skip50
)
(C:\Users\ASUS\AppData\Local\Programs\MiKTeX\tex/latex/graphics\graphicx.sty
Package: graphicx 2021/09/16 v1.2d Enhanced LaTeX Graphics (DPC,SPQR)

(C:\Users\ASUS\AppData\Local\Programs\MiKTeX\tex/latex/graphics\graphics.sty
Package: graphics 2022/03/10 v1.4e Standard LaTeX Graphics (DPC,SPQR)

(C:\Users\ASUS\AppData\Local\Programs\MiKTeX\tex/latex/graphics\trig.sty
Package: trig 2021/08/11 v1.11 sin cos tan (DPC)
)
(C:\Users\ASUS\AppData\Local\Programs\MiKTeX\tex/latex/graphics-cfg\graphics.cf
g
File: graphics.cfg 2016/06/04 v1.11 sample graphics configuration
)
Package graphics Info: Driver file: xetex.def on input line 107.

(C:\Users\ASUS\AppData\Local\Programs\MiKTeX\tex/latex/graphics-def\xetex.def
File: xetex.def 2022/09/22 v5.0n Graphics/color driver for xetex
))
\Gin@req@height=\dimen157
\Gin@req@width=\dimen158
) (C:\Users\ASUS\AppData\Local\Programs\MiKTeX\tex/latex/tools\longtable.sty
Package: longtable 2023-11-01 v4.19 Multi-page Table package (DPC)
\LTleft=\skip51
\LTright=\skip52
\LTpre=\skip53
\LTpost=\skip54
\LTchunksize=\count291
\LTcapwidth=\dimen159
\LT@head=\box53
\LT@firsthead=\box54
\LT@foot=\box55
\LT@lastfoot=\box56
\LT@gbox=\box57
\LT@cols=\count292
\LT@rows=\count293
\c@LT@tables=\count294
\c@LT@chunks=\count295
\LT@p@ftn=\toks19
)
(C:\Users\ASUS\AppData\Local\Programs\MiKTeX\tex/latex/booktabs\booktabs.sty
Package: booktabs 2020/01/12 v1.61803398 Publication quality tables
\heavyrulewidth=\dimen160
\lightrulewidth=\dimen161
\cmidrulewidth=\dimen162
\belowrulesep=\dimen163
\belowbottomsep=\dimen164
\aboverulesep=\dimen165
\abovetopsep=\dimen166
\cmidrulesep=\dimen167
\cmidrulekern=\dimen168
\defaultaddspace=\dimen169
\@cmidla=\count296
\@cmidlb=\count297
\@aboverulesep=\dimen170
\@belowrulesep=\dimen171
\@thisruleclass=\count298
\@lastruleclass=\count299
\@thisrulewidth=\dimen172
)
(C:\Users\ASUS\AppData\Local\Programs\MiKTeX\tex/latex/tools\array.sty
Package: array 2023/10/16 v2.5g Tabular extension package (FMi)
\col@sep=\dimen173
\ar@mcellbox=\box58
\extrarowheight=\dimen174
\NC@list=\toks20
\extratabsurround=\skip55
\backup@length=\skip56
\ar@cellbox=\box59
)
(C:\Users\ASUS\AppData\Local\Programs\MiKTeX\tex/latex/enumitem\enumitem.sty
Package: enumitem 2025/02/06 v3.11 Customized lists
\labelindent=\skip57
\enit@outerparindent=\dimen175
\enit@toks=\toks21
\enit@inbox=\box60
\enit@count@id=\count300
\enitdp@description=\count301
)
(C:\Users\ASUS\AppData\Local\Programs\MiKTeX\tex/latex/fancyhdr\fancyhdr.sty
Package: fancyhdr 2025/02/07 v5.2 Extensive control of page headers and footers

\f@nch@headwidth=\skip58
\f@nch@offset@elh=\skip59
\f@nch@offset@erh=\skip60
\f@nch@offset@olh=\skip61
\f@nch@offset@orh=\skip62
\f@nch@offset@elf=\skip63
\f@nch@offset@erf=\skip64
\f@nch@offset@olf=\skip65
\f@nch@offset@orf=\skip66
\f@nch@height=\skip67
\f@nch@footalignment=\skip68
\f@nch@widthL=\skip69
\f@nch@widthC=\skip70
\f@nch@widthR=\skip71
\@temptokenb=\toks22
)
(C:\Users\ASUS\AppData\Local\Programs\MiKTeX\tex/latex/titlesec\titlesec.sty
Package: titlesec 2025/01/04 v2.17 Sectioning titles
\ttl@box=\box61
\beforetitleunit=\skip72
\aftertitleunit=\skip73
\ttl@plus=\dimen176
\ttl@minus=\dimen177
\ttl@toksa=\toks23
\titlewidth=\dimen178
\titlewidthlast=\dimen179
\titlewidthfirst=\dimen180
)
(C:\Users\ASUS\AppData\Local\Programs\MiKTeX\tex/latex/xcolor\xcolor.sty
Package: xcolor 2023/11/15 v3.01 LaTeX color extensions (UK)

(C:\Users\ASUS\AppData\Local\Programs\MiKTeX\tex/latex/graphics-cfg\color.cfg
File: color.cfg 2016/01/02 v1.6 sample color configuration
)
Package xcolor Info: Driver file: xetex.def on input line 274.

(C:\Users\ASUS\AppData\Local\Programs\MiKTeX\tex/latex/graphics\mathcolor.ltx)
Package xcolor Info: Model `cmy' substituted by `cmy0' on input line 1350.
Package xcolor Info: Model `RGB' extended on input line 1366.
Package xcolor Info: Model `HTML' substituted by `rgb' on input line 1368.
Package xcolor Info: Model `Hsb' substituted by `hsb' on input line 1369.
Package xcolor Info: Model `tHsb' substituted by `hsb' on input line 1370.
Package xcolor Info: Model `HSB' substituted by `hsb' on input line 1371.
Package xcolor Info: Model `Gray' substituted by `gray' on input line 1372.
Package xcolor Info: Model `wave' substituted by `hsb' on input line 1373.
) (C:\Users\ASUS\AppData\Local\Programs\MiKTeX\tex/latex/listings\listings.sty
\lst@mode=\count302
\lst@gtempboxa=\box62
\lst@token=\toks24
\lst@length=\count303
\lst@currlwidth=\dimen181
\lst@column=\count304
\lst@pos=\count305
\lst@lostspace=\dimen182
\lst@width=\dimen183
\lst@newlines=\count306
\lst@lineno=\count307
\lst@maxwidth=\dimen184

(C:\Users\ASUS\AppData\Local\Programs\MiKTeX\tex/latex/listings\lstmisc.sty
File: lstmisc.sty 2023/02/27 1.9 (Carsten Heinz)
\c@lstnumber=\count308
\lst@skipnumbers=\count309
\lst@framebox=\box63
)
(C:\Users\ASUS\AppData\Local\Programs\MiKTeX\tex/latex/listings\listings.cfg
File: listings.cfg 2023/02/27 1.9 listings configuration
))
Package: listings 2023/02/27 1.9 (Carsten Heinz)

(C:\Users\ASUS\AppData\Local\Programs\MiKTeX\tex/latex/caption\caption.sty
Package: caption 2023/08/05 v3.6o Customizing captions (AR)

(C:\Users\ASUS\AppData\Local\Programs\MiKTeX\tex/latex/caption\caption3.sty
Package: caption3 2023/07/31 v2.4d caption3 kernel (AR)
\caption@tempdima=\dimen185
\captionmargin=\dimen186
\caption@leftmargin=\dimen187
\caption@rightmargin=\dimen188
\caption@width=\dimen189
\caption@indent=\dimen190
\caption@parindent=\dimen191
\caption@hangindent=\dimen192
Package caption Info: Standard document class detected.
)
\c@caption@flags=\count310
\c@continuedfloat=\count311
Package caption Info: hyperref package is loaded.
Package caption Info: listings package is loaded.
Package caption Info: longtable package is loaded.

(C:\Users\ASUS\AppData\Local\Programs\MiKTeX\tex/latex/caption\ltcaption.sty
Package: ltcaption 2021/01/08 v1.4c longtable captions (AR)
))
(C:\Users\ASUS\AppData\Local\Programs\MiKTeX\tex/latex/setspace\setspace.sty
Package: setspace 2022/12/04 v6.7b set line spacing
)
(C:\Users\ASUS\AppData\Local\Programs\MiKTeX\tex/latex/tools\tabularx.sty
Package: tabularx 2023/07/08 v2.11c `tabularx' package (DPC)
\TX@col@width=\dimen193
\TX@old@table=\dimen194
\TX@old@col=\dimen195
\TX@target=\dimen196
\TX@delta=\dimen197
\TX@cols=\count312
\TX@ftn=\toks25
)
(C:\Users\ASUS\AppData\Local\Programs\MiKTeX\tex/latex/multirow\multirow.sty
Package: multirow 2024/11/12 v2.9 Span multiple rows of a table
\multirow@colwidth=\skip74
\multirow@cntb=\count313
\multirow@dima=\skip75
\bigstrutjot=\dimen198
)
(C:\Users\ASUS\AppData\Local\Programs\MiKTeX\tex/latex/float\float.sty
Package: float 2001/11/08 v1.3d Float enhancements (AL)
\c@float@type=\count314
\float@exts=\toks26
\float@box=\box64
\@float@everytoks=\toks27
\@floatcapt=\box65
)

Package fontspec Info: Font family 'TimesNewRoman(0)' created for font 'Times
(fontspec)             New Roman' with options [Ligatures=TeX].
(fontspec)              
(fontspec)              This font family consists of the following NFSS
(fontspec)             series/shapes:
(fontspec)              
(fontspec)             - 'normal' (m/n) with NFSS spec.: <->"Times New
(fontspec)             Roman/OT:script=latn;language=dflt;mapping=tex-text;"
(fontspec)             - 'small caps'  (m/sc) with NFSS spec.: <->"Times New
(fontspec)             Roman/OT:script=latn;language=dflt;+smcp;mapping=tex-tex
t;"
(fontspec)             - 'bold' (b/n) with NFSS spec.: <->"Times New
(fontspec)             Roman/B/OT:script=latn;language=dflt;mapping=tex-text;"
(fontspec)             - 'bold small caps'  (b/sc) with NFSS spec.: <->"Times
(fontspec)             New
(fontspec)             Roman/B/OT:script=latn;language=dflt;+smcp;mapping=tex-t
ext;"
(fontspec)             - 'italic' (m/it) with NFSS spec.: <->"Times New
(fontspec)             Roman/I/OT:script=latn;language=dflt;mapping=tex-text;"
(fontspec)             - 'italic small caps'  (m/scit) with NFSS spec.:
(fontspec)             <->"Times New
(fontspec)             Roman/I/OT:script=latn;language=dflt;+smcp;mapping=tex-t
ext;"
(fontspec)             - 'bold italic' (b/it) with NFSS spec.: <->"Times New
(fontspec)             Roman/BI/OT:script=latn;language=dflt;mapping=tex-text;"

(fontspec)             - 'bold italic small caps'  (b/scit) with NFSS spec.:
(fontspec)             <->"Times New
(fontspec)             Roman/BI/OT:script=latn;language=dflt;+smcp;mapping=tex-
text;"

Package hyperref Info: Option `colorlinks' set `true' on input line 48.

(main.aux)
\openout1 = `main.aux'.

LaTeX Font Info:    Checking defaults for OML/cmm/m/it on input line 77.
LaTeX Font Info:    ... okay on input line 77.
LaTeX Font Info:    Checking defaults for OMS/cmsy/m/n on input line 77.
LaTeX Font Info:    ... okay on input line 77.
LaTeX Font Info:    Checking defaults for OT1/cmr/m/n on input line 77.
LaTeX Font Info:    ... okay on input line 77.
LaTeX Font Info:    Checking defaults for T1/cmr/m/n on input line 77.
LaTeX Font Info:    ... okay on input line 77.
LaTeX Font Info:    Checking defaults for TS1/cmr/m/n on input line 77.
LaTeX Font Info:    Trying to load font information for TS1+cmr on input line 7
7.

(C:\Users\ASUS\AppData\Local\Programs\MiKTeX\tex/latex/base\ts1cmr.fd
File: ts1cmr.fd 2023/04/13 v2.5m Standard LaTeX font definitions
)
LaTeX Font Info:    ... okay on input line 77.
LaTeX Font Info:    Checking defaults for TU/lmr/m/n on input line 77.
LaTeX Font Info:    ... okay on input line 77.
LaTeX Font Info:    Checking defaults for OMX/cmex/m/n on input line 77.
LaTeX Font Info:    ... okay on input line 77.
LaTeX Font Info:    Checking defaults for U/cmr/m/n on input line 77.
LaTeX Font Info:    ... okay on input line 77.
LaTeX Font Info:    Checking defaults for PD1/pdf/m/n on input line 77.
LaTeX Font Info:    ... okay on input line 77.
LaTeX Font Info:    Checking defaults for PU/pdf/m/n on input line 77.
LaTeX Font Info:    ... okay on input line 77.

*geometry* driver: auto-detecting
*geometry* detected driver: xetex
*geometry* verbose mode - [ preamble ] result:
* driver: xetex
* paper: a4paper
* layout: <same size as paper>
* layoutoffset:(h,v)=(0.0pt,0.0pt)
* modes: 
* h-part:(L,W,R)=(62.59596pt, 472.31595pt, 62.59596pt)
* v-part:(T,H,B)=(62.59596pt, 719.85492pt, 62.59596pt)
* \paperwidth=597.50787pt
* \paperheight=845.04684pt
* \textwidth=472.31595pt
* \textheight=719.85492pt
* \oddsidemargin=-9.67403pt
* \evensidemargin=-9.67403pt
* \topmargin=-46.67403pt
* \headheight=15.1pt
* \headsep=25.0pt
* \topskip=12.0pt
* \footskip=30.0pt
* \marginparwidth=35.0pt
* \marginparsep=10.0pt
* \columnsep=10.0pt
* \skip\footins=10.8pt plus 4.0pt minus 2.0pt
* \hoffset=0.0pt
* \voffset=0.0pt
* \mag=1000
* \@twocolumnfalse
* \@twosidefalse
* \@mparswitchfalse
* \@reversemarginfalse
* (1in=72.27pt=25.4mm, 1cm=28.453pt)


Package fontspec Info: Adjusting the maths setup (use [no-math] to avoid
(fontspec)             this).

\symlegacymaths=\mathgroup4
LaTeX Font Info:    Overwriting symbol font `legacymaths' in version `bold'
(Font)                  OT1/cmr/m/n --> OT1/cmr/bx/n on input line 77.
LaTeX Font Info:    Redeclaring math accent \acute on input line 77.
LaTeX Font Info:    Redeclaring math accent \grave on input line 77.
LaTeX Font Info:    Redeclaring math accent \ddot on input line 77.
LaTeX Font Info:    Redeclaring math accent \tilde on input line 77.
LaTeX Font Info:    Redeclaring math accent \bar on input line 77.
LaTeX Font Info:    Redeclaring math accent \breve on input line 77.
LaTeX Font Info:    Redeclaring math accent \check on input line 77.
LaTeX Font Info:    Redeclaring math accent \hat on input line 77.
LaTeX Font Info:    Redeclaring math accent \dot on input line 77.
LaTeX Font Info:    Redeclaring math accent \mathring on input line 77.
LaTeX Font Info:    Redeclaring math symbol \colon on input line 77.
LaTeX Font Info:    Redeclaring math symbol \Gamma on input line 77.
LaTeX Font Info:    Redeclaring math symbol \Delta on input line 77.
LaTeX Font Info:    Redeclaring math symbol \Theta on input line 77.
LaTeX Font Info:    Redeclaring math symbol \Lambda on input line 77.
LaTeX Font Info:    Redeclaring math symbol \Xi on input line 77.
LaTeX Font Info:    Redeclaring math symbol \Pi on input line 77.
LaTeX Font Info:    Redeclaring math symbol \Sigma on input line 77.
LaTeX Font Info:    Redeclaring math symbol \Upsilon on input line 77.
LaTeX Font Info:    Redeclaring math symbol \Phi on input line 77.
LaTeX Font Info:    Redeclaring math symbol \Psi on input line 77.
LaTeX Font Info:    Redeclaring math symbol \Omega on input line 77.
LaTeX Font Info:    Redeclaring math symbol \mathdollar on input line 77.
LaTeX Font Info:    Redeclaring symbol font `operators' on input line 77.
LaTeX Font Info:    Encoding `OT1' has changed to `TU' for symbol font
(Font)              `operators' in the math version `normal' on input line 77.
LaTeX Font Info:    Overwriting symbol font `operators' in version `normal'
(Font)                  OT1/cmr/m/n --> TU/TimesNewRoman(0)/m/n on input line 7
7.
LaTeX Font Info:    Encoding `OT1' has changed to `TU' for symbol font
(Font)              `operators' in the math version `bold' on input line 77.
LaTeX Font Info:    Overwriting symbol font `operators' in version `bold'
(Font)                  OT1/cmr/bx/n --> TU/TimesNewRoman(0)/m/n on input line 
77.
LaTeX Font Info:    Overwriting symbol font `operators' in version `normal'
(Font)                  TU/TimesNewRoman(0)/m/n --> TU/TimesNewRoman(0)/m/n on 
input line 77.
LaTeX Font Info:    Overwriting math alphabet `\mathit' in version `normal'
(Font)                  OT1/cmr/m/it --> TU/TimesNewRoman(0)/m/it on input line
 77.
LaTeX Font Info:    Overwriting math alphabet `\mathbf' in version `normal'
(Font)                  OT1/cmr/bx/n --> TU/TimesNewRoman(0)/b/n on input line 
77.
LaTeX Font Info:    Overwriting math alphabet `\mathsf' in version `normal'
(Font)                  OT1/cmss/m/n --> TU/lmss/m/n on input line 77.
LaTeX Font Info:    Overwriting math alphabet `\mathtt' in version `normal'
(Font)                  OT1/cmtt/m/n --> TU/lmtt/m/n on input line 77.
LaTeX Font Info:    Overwriting symbol font `operators' in version `bold'
(Font)                  TU/TimesNewRoman(0)/m/n --> TU/TimesNewRoman(0)/b/n on 
input line 77.
LaTeX Font Info:    Overwriting math alphabet `\mathit' in version `bold'
(Font)                  OT1/cmr/bx/it --> TU/TimesNewRoman(0)/b/it on input lin
e 77.
LaTeX Font Info:    Overwriting math alphabet `\mathsf' in version `bold'
(Font)                  OT1/cmss/bx/n --> TU/lmss/b/n on input line 77.
LaTeX Font Info:    Overwriting math alphabet `\mathtt' in version `bold'
(Font)                  OT1/cmtt/m/n --> TU/lmtt/b/n on input line 77.
Package hyperref Info: Link coloring ON on input line 77.
(main.out) (main.out)
\@outlinefile=\write3
\openout3 = `main.out'.

\c@lstlisting=\count315
Package caption Info: Begin \AtBeginDocument code.
Package caption Info: float package is loaded.
Package caption Info: End \AtBeginDocument code.
LaTeX Font Info:    External font `cmex10' loaded for size
(Font)              <12> on input line 88.
LaTeX Font Info:    External font `cmex10' loaded for size
(Font)              <8> on input line 88.
LaTeX Font Info:    External font `cmex10' loaded for size
(Font)              <6> on input line 88.
 [1

] (main.toc [1] [2])
\tf@toc=\write4
\openout4 = `main.toc'.

 [3] (main.lof)
\tf@lof=\write5
\openout5 = `main.lof'.

 [4] [5] [6]
[7]
Overfull \hbox (0.11266pt too wide) in paragraph at lines 184--185
[]\TU/TimesNewRoman(0)/m/n/12 Đường dẫn tài nguyên theo danh từ số nhiều: \TU/l
mtt/m/n/12 /api/public/articles\TU/TimesNewRoman(0)/m/n/12 , \TU/lmtt/m/n/12 /a
pi/admin/users\TU/TimesNewRoman(0)/m/n/12 . 
 []


Overfull \hbox (13.19775pt too wide) in paragraph at lines 191--192
\TU/TimesNewRoman(0)/m/n/12 Ứng dụng triển khai JWT Bearer Authentication trong
 \TU/lmtt/m/n/12 Program.cs\TU/TimesNewRoman(0)/m/n/12 . Token được tạo tại \TU
/lmtt/m/n/12 TokenService
 []

[8]
Overfull \hbox (2.4396pt too wide) in paragraph at lines 241--242
\TU/lmtt/m/n/12 GlobalExceptionMiddleware \TU/TimesNewRoman(0)/m/n/12 bắt các l
ỗi chưa xử lý và trả về dạng \TU/lmtt/m/n/12 application/problem+json\TU/TimesN
ewRoman(0)/m/n/12 .
 []

[9] [10] [11] [12] [13] [14] [15]
Overfull \hbox (9.45064pt too wide) in paragraph at lines 418--418
[]|\TU/TimesNewRoman(0)/m/n/12 AdminDashboardController| 
 []


Underfull \hbox (badness 10000) in paragraph at lines 433--433
[]|\TU/TimesNewRoman(0)/m/n/12 AspNetRoles và
 []

[16] [17]
LaTeX Font Info:    Font shape `TU/lmtt/bx/n' in size <12> not available
(Font)              Font shape `TU/lmtt/b/n' tried instead on input line 494.
 [18] [19]
Underfull \hbox (badness 1102) in paragraph at lines 552--553
\TU/TimesNewRoman(0)/m/n/12 ken, bảo vệ môi trường
 []


Underfull \hbox (badness 10000) in paragraph at lines 556--557
[]|\TU/TimesNewRoman(0)/m/n/12 Chuẩn hóa biến môi
 []

[20] [21] [22] [23] [24] [25] [26] [27]
Underfull \hbox (badness 10000) in paragraph at lines 751--752
[]|\TU/TimesNewRoman(0)/m/n/12 Microsoft.AspNetCore.Authentication.JwtBearer,
 []


Overfull \hbox (10.6066pt too wide) in paragraph at lines 751--752
\TU/TimesNewRoman(0)/m/n/12 Microsoft.AspNetCore.Identity.EntityFrameworkCore,
 []


Underfull \hbox (badness 10000) in paragraph at lines 751--752
\TU/TimesNewRoman(0)/m/n/12 EFCore.SqlServer, FluentValidation.AspNetCore,
 []


Underfull \hbox (badness 6316) in paragraph at lines 752--753
[]|\TU/TimesNewRoman(0)/m/n/12 React 18, react-router-dom 6, axios, bootstrap,
 []


Underfull \hbox (badness 6316) in paragraph at lines 753--754
[]|\TU/TimesNewRoman(0)/m/n/12 React 19, react-router-dom 7, axios, bootstrap,
 []


Overfull \hbox (8.86058pt too wide) in paragraph at lines 766--766
[]|\TU/TimesNewRoman(0)/m/n/12 /api/public/articles/articleId/comments| 
 []


Overfull \hbox (8.86058pt too wide) in paragraph at lines 767--767
[]|\TU/TimesNewRoman(0)/m/n/12 /api/public/articles/articleId/comments| 
 []


Underfull \hbox (badness 1496) in paragraph at lines 768--769
[]|\TU/TimesNewRoman(0)/m/n/12 Tìm kiếm nâng cao theo từ
 []


Underfull \hbox (badness 6944) in paragraph at lines 771--772
[]|\TU/TimesNewRoman(0)/m/n/12 Danh sách media có phân
 []


Underfull \hbox (badness 1215) in paragraph at lines 776--777
[]|\TU/TimesNewRoman(0)/m/n/12 Danh sách người dùng (Ad-
 []


Overfull \hbox (20.87816pt too wide) in paragraph at lines 794--794
[]|\TU/TimesNewRoman(0)/m/n/12 /api/admin/content/comments/id/approve| 
 []


Overfull \hbox (21.55199pt too wide) in paragraph at lines 806--806
[]|\TU/TimesNewRoman(0)/m/n/12 /api/admin/services/applications/id/status| 
 []

[28] [29] [30] [31]
Underfull \hbox (badness 6016) in paragraph at lines 915--915
[]|\TU/TimesNewRoman(0)/m/n/12 Lấy articles mặc
 []


Underfull \hbox (badness 1715) in paragraph at lines 915--916
[]|\TU/TimesNewRoman(0)/m/n/12 Trả bài Published theo
 []


Underfull \hbox (badness 5036) in paragraph at lines 916--916
[]|\TU/TimesNewRoman(0)/m/n/12 Lọc articles theo
 []


Underfull \hbox (badness 3439) in paragraph at lines 918--918
[]|\TU/TimesNewRoman(0)/m/n/12 Lấy article detail
 []


Underfull \hbox (badness 6725) in paragraph at lines 918--918
[]|\TU/TimesNewRoman(0)/m/n/12 GET /api/public/articles/s-
 []


Underfull \hbox (badness 3439) in paragraph at lines 919--919
[]|\TU/TimesNewRoman(0)/m/n/12 Lấy article detail
 []


Underfull \hbox (badness 10000) in paragraph at lines 921--921
[]|\TU/TimesNewRoman(0)/m/n/12 Gửi comment
 []


Underfull \hbox (badness 7081) in paragraph at lines 923--923
[]|\TU/TimesNewRoman(0)/m/n/12 Search nâng cao
 []


Underfull \hbox (badness 7099) in paragraph at lines 924--924
[]|\TU/TimesNewRoman(0)/m/n/12 Lấy leaders mặc
 []


Underfull \hbox (badness 1454) in paragraph at lines 924--925
[]|\TU/TimesNewRoman(0)/m/n/12 Trả leaders active theo
 []


Underfull \hbox (badness 6001) in paragraph at lines 925--925
[]|\TU/TimesNewRoman(0)/m/n/12 Lấy leaders theo
 []


Underfull \hbox (badness 10000) in paragraph at lines 926--926
[]|\TU/TimesNewRoman(0)/m/n/12 Lấy media phân
 []


Underfull \hbox (badness 10000) in paragraph at lines 926--926
[]|\TU/TimesNewRoman(0)/m/n/12 GET /api/public/me-
 []


Underfull \hbox (badness 4168) in paragraph at lines 926--927
[]|\TU/TimesNewRoman(0)/m/n/12 Trả items, total, total-
 []


Underfull \hbox (badness 10000) in paragraph at lines 928--928
[]|\TU/TimesNewRoman(0)/m/n/12 Lấy procedures
 []


Underfull \hbox (badness 10000) in paragraph at lines 928--928
[]|\TU/TimesNewRoman(0)/m/n/12 GET /api/public/ser-
 []


Underfull \hbox (badness 4467) in paragraph at lines 928--929
[]|\TU/TimesNewRoman(0)/m/n/12 Trả thủ tục active đã
 []


Underfull \hbox (badness 10000) in paragraph at lines 929--929
[]|\TU/TimesNewRoman(0)/m/n/12 POST applications với
 []


Underfull \hbox (badness 10000) in paragraph at lines 932--932
[]|\TU/TimesNewRoman(0)/m/n/12 Tra cứu hồ sơ
 []


Underfull \hbox (badness 10000) in paragraph at lines 933--933
[]|\TU/TimesNewRoman(0)/m/n/12 Dashboard có
 []


Underfull \hbox (badness 6592) in paragraph at lines 934--934
[]|\TU/TimesNewRoman(0)/m/n/12 Dashboard không
 []


Underfull \hbox (badness 2368) in paragraph at lines 936--936
[]|\TU/TimesNewRoman(0)/m/n/12 Token Editor gọi /api/ad-
 []


Underfull \hbox (badness 10000) in paragraph at lines 937--937
[]|\TU/TimesNewRoman(0)/m/n/12 POST /api/admin/users
 []


Underfull \hbox (badness 10000) in paragraph at lines 938--938
[]|\TU/TimesNewRoman(0)/m/n/12 Tạo user email
 []


Underfull \hbox (badness 10000) in paragraph at lines 939--939
[]|\TU/TimesNewRoman(0)/m/n/12 PUT /api/admin/users/id
 []


Underfull \hbox (badness 10000) in paragraph at lines 940--940
[]|\TU/TimesNewRoman(0)/m/n/12 DELETE /api/admin/user-
 []


Underfull \hbox (badness 10000) in paragraph at lines 941--941
[]|\TU/TimesNewRoman(0)/m/n/12 GET /api/admin/content/-
 []


Underfull \hbox (badness 1348) in paragraph at lines 944--945
[]|\TU/TimesNewRoman(0)/m/n/12 Trả 204, cập nhật Up-
 []


Underfull \hbox (badness 10000) in paragraph at lines 945--945
[]|\TU/TimesNewRoman(0)/m/n/12 Xóa category
 []


Underfull \hbox (badness 10000) in paragraph at lines 948--948
[]|\TU/TimesNewRoman(0)/m/n/12 Tạo article Pub-
 []


Underfull \hbox (badness 4001) in paragraph at lines 948--948
[]|\TU/TimesNewRoman(0)/m/n/12 POST article status Pub-
 []


Underfull \hbox (badness 10000) in paragraph at lines 949--949
[]|\TU/TimesNewRoman(0)/m/n/12 Cập nhật article
 []


Underfull \hbox (badness 10000) in paragraph at lines 949--950
[]|\TU/TimesNewRoman(0)/m/n/12 PublishedAtUtc được
 []


Underfull \hbox (badness 10000) in paragraph at lines 951--951
[]|\TU/TimesNewRoman(0)/m/n/12 List comments
 []


Underfull \hbox (badness 10000) in paragraph at lines 951--951
[]|\TU/TimesNewRoman(0)/m/n/12 GET com-
 []


Underfull \hbox (badness 10000) in paragraph at lines 952--953
[]|\TU/TimesNewRoman(0)/m/n/12 Trả 204, IsAp-
 []


Underfull \hbox (badness 10000) in paragraph at lines 957--957
[]|\TU/TimesNewRoman(0)/m/n/12 Update media
 []


Underfull \hbox (badness 10000) in paragraph at lines 957--957
[]|\TU/TimesNewRoman(0)/m/n/12 PUT media/id topic/title
 []


Underfull \hbox (badness 10000) in paragraph at lines 959--959
[]|\TU/TimesNewRoman(0)/m/n/12 GET /api/admin/ser-
 []


Underfull \hbox (badness 2126) in paragraph at lines 959--960
[]|\TU/TimesNewRoman(0)/m/n/12 Trả danh sách thủ tục
 []


Underfull \hbox (badness 10000) in paragraph at lines 963--963
[]|\TU/TimesNewRoman(0)/m/n/12 List applications
 []


Underfull \hbox (badness 10000) in paragraph at lines 963--963
[]|\TU/TimesNewRoman(0)/m/n/12 GET /api/admin/ser-
 []


Underfull \hbox (badness 1990) in paragraph at lines 964--964
[]|\TU/TimesNewRoman(0)/m/n/12 Filter applications
 []


Underfull \hbox (badness 10000) in paragraph at lines 966--966
[]|\TU/TimesNewRoman(0)/m/n/12 Gọi /public-
 []


Underfull \hbox (badness 4441) in paragraph at lines 966--967
[]|\TU/TimesNewRoman(0)/m/n/12 Trả kết quả tương tự
 []


Underfull \hbox (badness 10000) in paragraph at lines 967--967
[]|\TU/TimesNewRoman(0)/m/n/12 Branch admin
 []


Underfull \hbox (badness 10000) in paragraph at lines 967--967
[]|\TU/TimesNewRoman(0)/m/n/12 Gọi /public-
 []


Underfull \hbox (badness 10000) in paragraph at lines 967--967
\TU/TimesNewRoman(0)/m/n/12 api/api/admin/... ở Pro-
 []


Underfull \hbox (badness 10000) in paragraph at lines 968--968
[]|\TU/TimesNewRoman(0)/m/n/12 Middleware lỗi
 []


Underfull \hbox (badness 10000) in paragraph at lines 968--968
\TU/TimesNewRoman(0)/m/n/12 ArgumentExcep-
 []


Underfull \hbox (badness 10000) in paragraph at lines 969--969
[]|\TU/TimesNewRoman(0)/m/n/12 Middleware lỗi
 []


Underfull \hbox (badness 10000) in paragraph at lines 969--969
\TU/TimesNewRoman(0)/m/n/12 KeyNotFoundEx-
 []


Underfull \hbox (badness 10000) in paragraph at lines 970--970
[]|\TU/TimesNewRoman(0)/m/n/12 Middleware lỗi
 []

[32] [33] [34] [35]
Underfull \hbox (badness 4543) in paragraph at lines 980--981
[]|\TU/TimesNewRoman(0)/m/n/12 Menu thu gọn hoạt động
 []


Underfull \hbox (badness 3312) in paragraph at lines 981--982
[]|\TU/TimesNewRoman(0)/m/n/12 Infinite load/tải thêm hoạt
 []


Underfull \hbox (badness 3302) in paragraph at lines 988--989
\TU/TimesNewRoman(0)/m/n/12 lại trang admin được nếu
 []

[36] [37] [38] [39] [40]
Overfull \hbox (46.0755pt too wide) in paragraph at lines 1063--1063
[]|\TU/TimesNewRoman(0)/m/n/12 backend/XaTanThuanDong.Api/Program.cs| 
 []


Underfull \hbox (badness 1354) in paragraph at lines 1063--1064
[]|\TU/TimesNewRoman(0)/m/n/12 Khởi tạo dịch vụ, middleware, routing,
 []


Overfull \hbox (104.06573pt too wide) in paragraph at lines 1064--1064
[]|\TU/TimesNewRoman(0)/m/n/12 backend/XaTanThuanDong.Api/Data/AppDbContext.cs|
 
 []


Overfull \hbox (76.71417pt too wide) in paragraph at lines 1065--1065
[]|\TU/TimesNewRoman(0)/m/n/12 backend/XaTanThuanDong.Api/Data/SeedData.cs| 
 []


Overfull \hbox (210.02081pt too wide) in paragraph at lines 1066--1066
[]|\TU/TimesNewRoman(0)/m/n/12 backend/XaTanThuanDong.Api/Middlewares/GlobalExc
eptionMiddleware.cs| 
 []


Overfull \hbox (134.73956pt too wide) in paragraph at lines 1067--1067
[]|\TU/TimesNewRoman(0)/m/n/12 backend/XaTanThuanDong.Api/Controllers/AuthContr
oller.cs| 
 []


Overfull \hbox (179.40558pt too wide) in paragraph at lines 1068--1068
[]|\TU/TimesNewRoman(0)/m/n/12 backend/XaTanThuanDong.Api/Controllers/PublicCon
tentController.cs| 
 []


Overfull \hbox (182.05988pt too wide) in paragraph at lines 1069--1069
[]|\TU/TimesNewRoman(0)/m/n/12 backend/XaTanThuanDong.Api/Controllers/PublicSer
vicesController.cs| 
 []


Overfull \hbox (182.0716pt too wide) in paragraph at lines 1070--1070
[]|\TU/TimesNewRoman(0)/m/n/12 backend/XaTanThuanDong.Api/Controllers/AdminCont
entController.cs| 
 []


Underfull \hbox (badness 2165) in paragraph at lines 1070--1071
[]|\TU/TimesNewRoman(0)/m/n/12 Quản trị content, leaders, media, com-
 []


Overfull \hbox (184.72589pt too wide) in paragraph at lines 1071--1071
[]|\TU/TimesNewRoman(0)/m/n/12 backend/XaTanThuanDong.Api/Controllers/AdminServ
icesController.cs| 
 []


Overfull \hbox (171.40167pt too wide) in paragraph at lines 1072--1072
[]|\TU/TimesNewRoman(0)/m/n/12 backend/XaTanThuanDong.Api/Controllers/AdminUser
sController.cs| 
 []


Overfull \hbox (196.05792pt too wide) in paragraph at lines 1073--1073
[]|\TU/TimesNewRoman(0)/m/n/12 backend/XaTanThuanDong.Api/Controllers/AdminDash
boardController.cs| 
 []


Underfull \hbox (badness 10000) in paragraph at lines 1074--1074
[]|\TU/TimesNewRoman(0)/m/n/12 frontend/xatanthuandong-
 []


Underfull \hbox (badness 10000) in paragraph at lines 1075--1075
[]|\TU/TimesNewRoman(0)/m/n/12 frontend/xatanthuandong-
 []


Underfull \hbox (badness 10000) in paragraph at lines 1076--1076
[]|\TU/TimesNewRoman(0)/m/n/12 frontend/xatanthuandong-
 []


Underfull \hbox (badness 10000) in paragraph at lines 1077--1077
[]|\TU/TimesNewRoman(0)/m/n/12 frontend/xatanthuandong-
 []


Underfull \hbox (badness 10000) in paragraph at lines 1078--1078
[]|\TU/TimesNewRoman(0)/m/n/12 frontend/xatanthuandong-
 []


Underfull \hbox (badness 10000) in paragraph at lines 1079--1079
[]|\TU/TimesNewRoman(0)/m/n/12 frontend/xatanthuandong-
 []


Underfull \hbox (badness 10000) in paragraph at lines 1080--1080
[]|\TU/TimesNewRoman(0)/m/n/12 frontend/xatanthuandong-
 []


Overfull \hbox (84.58331pt too wide) in paragraph at lines 1080--1080
\TU/TimesNewRoman(0)/m/n/12 portal/src/pages/admin/AdminArticleEditorPage.jsx| 

 []


Underfull \hbox (badness 10000) in paragraph at lines 1081--1081
[]|\TU/TimesNewRoman(0)/m/n/12 frontend/xatanthuandong-
 []


Overfull \hbox (48.60089pt too wide) in paragraph at lines 1081--1081
\TU/TimesNewRoman(0)/m/n/12 portal/src/pages/admin/AdminUsersPage.jsx| 
 []


Underfull \hbox (badness 10000) in paragraph at lines 1082--1082
[]|\TU/TimesNewRoman(0)/m/n/12 frontend/xatanthuandong-
 []


Overfull \hbox (74.58722pt too wide) in paragraph at lines 1082--1082
\TU/TimesNewRoman(0)/m/n/12 portal/src/pages/admin/AdminProceduresPage.jsx| 
 []

[41]
Underfull \hbox (badness 10000) in paragraph at lines 1093--1094
[]|\TU/TimesNewRoman(0)/m/n/12 AuthController, TokenService, Identity,
 []


Underfull \hbox (badness 10000) in paragraph at lines 1094--1095
[]|\TU/TimesNewRoman(0)/m/n/12 AdminContentController, ContentDtos,
 []


Underfull \hbox (badness 1629) in paragraph at lines 1096--1096
[]|\TU/TimesNewRoman(0)/m/n/12 Cung cấp dịch vụ hành chính
 []


Underfull \hbox (badness 10000) in paragraph at lines 1096--1097
[]|\TU/TimesNewRoman(0)/m/n/12 PublicServicesController + AdminSer-
 []


Underfull \hbox (badness 4060) in paragraph at lines 1097--1098
[]|\TU/TimesNewRoman(0)/m/n/12 PublicServicesController + ServicesPage
 []


Underfull \hbox (badness 10000) in paragraph at lines 1100--1101
[]|\TU/TimesNewRoman(0)/m/n/12 DashboardService + AdminDashboard-
 []

[42]
Overfull \hbox (2.33661pt too wide) in paragraph at lines 1130--1130
[]|\TU/TimesNewRoman(0)/m/n/12 nvarchar(max)| 
 []


Underfull \hbox (badness 7256) in paragraph at lines 1131--1132
[]|\TU/TimesNewRoman(0)/m/n/12 Trạng thái kích hoạt tài
 []


Overfull \hbox (16.9044pt too wide) in paragraph at lines 1134--1134
[]|\TU/TimesNewRoman(0)/m/n/12 NormalizedUserName| 
 []


Overfull \hbox (2.33661pt too wide) in paragraph at lines 1137--1137
[]|\TU/TimesNewRoman(0)/m/n/12 nvarchar(max)| 
 []


Overfull \hbox (2.33661pt too wide) in paragraph at lines 1138--1138
[]|\TU/TimesNewRoman(0)/m/n/12 nvarchar(max)| 
 []


Overfull \hbox (2.26768pt too wide) in paragraph at lines 1139--1139
[]|\TU/TimesNewRoman(0)/m/n/12 AccessFailedCount| 
 []


Overfull \hbox (4.14148pt too wide) in paragraph at lines 1143--1143
[]|\TU/TimesNewRoman(0)/m/n/12 AspNetUserRoles| 
 []


Overfull \hbox (4.14148pt too wide) in paragraph at lines 1144--1144
[]|\TU/TimesNewRoman(0)/m/n/12 AspNetUserRoles| 
 []


Underfull \hbox (badness 10000) in paragraph at lines 1147--1148
[]|\TU/TimesNewRoman(0)/m/n/12 Đường dẫn thân thiện,
 []


Overfull \hbox (2.33661pt too wide) in paragraph at lines 1148--1148
[]|\TU/TimesNewRoman(0)/m/n/12 nvarchar(max)| 
 []


Overfull \hbox (2.33661pt too wide) in paragraph at lines 1156--1156
[]|\TU/TimesNewRoman(0)/m/n/12 nvarchar(max)| 
 []


Overfull \hbox (2.33661pt too wide) in paragraph at lines 1157--1157
[]|\TU/TimesNewRoman(0)/m/n/12 nvarchar(max)| 
 []


Underfull \hbox (badness 10000) in paragraph at lines 1158--1159
[]|\TU/TimesNewRoman(0)/m/n/12 Trạng thái Draft/Pub-
 []


Overfull \hbox (2.33661pt too wide) in paragraph at lines 1160--1160
[]|\TU/TimesNewRoman(0)/m/n/12 nvarchar(max)| 
 []


Overfull \hbox (5.67645pt too wide) in paragraph at lines 1168--1168
[]|\TU/TimesNewRoman(0)/m/n/12 nvarchar(2000)| 
 []


Overfull \hbox (2.26183pt too wide) in paragraph at lines 1178--1178
[]|\TU/TimesNewRoman(0)/m/n/12 UploadedByUserId| 
 []


Underfull \hbox (badness 10000) in paragraph at lines 1183--1184
[]|\TU/TimesNewRoman(0)/m/n/12 Nhóm hiển thị (lanh-
 []


Overfull \hbox (6.78406pt too wide) in paragraph at lines 1189--1189
[]|\TU/TimesNewRoman(0)/m/n/12 ServiceProcedures| 
 []


Overfull \hbox (6.78406pt too wide) in paragraph at lines 1190--1190
[]|\TU/TimesNewRoman(0)/m/n/12 ServiceProcedures| 
 []


Overfull \hbox (6.78406pt too wide) in paragraph at lines 1191--1191
[]|\TU/TimesNewRoman(0)/m/n/12 ServiceProcedures| 
 []


Overfull \hbox (2.33661pt too wide) in paragraph at lines 1191--1191
[]|\TU/TimesNewRoman(0)/m/n/12 nvarchar(max)| 
 []


Overfull \hbox (6.78406pt too wide) in paragraph at lines 1192--1192
[]|\TU/TimesNewRoman(0)/m/n/12 ServiceProcedures| 
 []


Overfull \hbox (7.59386pt too wide) in paragraph at lines 1192--1192
[]|\TU/TimesNewRoman(0)/m/n/12 RequiredDocuments| 
 []


Overfull \hbox (2.33661pt too wide) in paragraph at lines 1192--1192
[]|\TU/TimesNewRoman(0)/m/n/12 nvarchar(max)| 
 []


Overfull \hbox (6.78406pt too wide) in paragraph at lines 1193--1193
[]|\TU/TimesNewRoman(0)/m/n/12 ServiceProcedures| 
 []


Overfull \hbox (2.33661pt too wide) in paragraph at lines 1193--1193
[]|\TU/TimesNewRoman(0)/m/n/12 nvarchar(max)| 
 []


Overfull \hbox (6.78406pt too wide) in paragraph at lines 1194--1194
[]|\TU/TimesNewRoman(0)/m/n/12 ServiceProcedures| 
 []


Overfull \hbox (2.33661pt too wide) in paragraph at lines 1194--1194
[]|\TU/TimesNewRoman(0)/m/n/12 nvarchar(max)| 
 []


Overfull \hbox (6.78406pt too wide) in paragraph at lines 1195--1195
[]|\TU/TimesNewRoman(0)/m/n/12 ServiceProcedures| 
 []


Overfull \hbox (2.33661pt too wide) in paragraph at lines 1195--1195
[]|\TU/TimesNewRoman(0)/m/n/12 nvarchar(max)| 
 []


Overfull \hbox (6.78406pt too wide) in paragraph at lines 1196--1196
[]|\TU/TimesNewRoman(0)/m/n/12 ServiceProcedures| 
 []


Overfull \hbox (6.78406pt too wide) in paragraph at lines 1197--1197
[]|\TU/TimesNewRoman(0)/m/n/12 ServiceProcedures| 
 []


Overfull \hbox (6.78406pt too wide) in paragraph at lines 1198--1198
[]|\TU/TimesNewRoman(0)/m/n/12 ServiceProcedures| 
 []


Overfull \hbox (14.79382pt too wide) in paragraph at lines 1199--1199
[]|\TU/TimesNewRoman(0)/m/n/12 ServiceApplications| 
 []


Overfull \hbox (14.79382pt too wide) in paragraph at lines 1200--1200
[]|\TU/TimesNewRoman(0)/m/n/12 ServiceApplications| 
 []


Overfull \hbox (3.57433pt too wide) in paragraph at lines 1200--1200
[]|\TU/TimesNewRoman(0)/m/n/12 ServiceProcedureId| 
 []


Overfull \hbox (14.79382pt too wide) in paragraph at lines 1201--1201
[]|\TU/TimesNewRoman(0)/m/n/12 ServiceApplications| 
 []


Overfull \hbox (14.79382pt too wide) in paragraph at lines 1202--1202
[]|\TU/TimesNewRoman(0)/m/n/12 ServiceApplications| 
 []


Overfull \hbox (14.79382pt too wide) in paragraph at lines 1203--1203
[]|\TU/TimesNewRoman(0)/m/n/12 ServiceApplications| 
 []


Overfull \hbox (14.79382pt too wide) in paragraph at lines 1204--1204
[]|\TU/TimesNewRoman(0)/m/n/12 ServiceApplications| 
 []


Overfull \hbox (2.33661pt too wide) in paragraph at lines 1204--1204
[]|\TU/TimesNewRoman(0)/m/n/12 nvarchar(max)| 
 []


Overfull \hbox (14.79382pt too wide) in paragraph at lines 1205--1205
[]|\TU/TimesNewRoman(0)/m/n/12 ServiceApplications| 
 []


Overfull \hbox (14.79382pt too wide) in paragraph at lines 1206--1206
[]|\TU/TimesNewRoman(0)/m/n/12 ServiceApplications| 
 []


Overfull \hbox (2.33661pt too wide) in paragraph at lines 1206--1206
[]|\TU/TimesNewRoman(0)/m/n/12 nvarchar(max)| 
 []


Overfull \hbox (14.79382pt too wide) in paragraph at lines 1207--1207
[]|\TU/TimesNewRoman(0)/m/n/12 ServiceApplications| 
 []


Overfull \hbox (2.33661pt too wide) in paragraph at lines 1207--1207
[]|\TU/TimesNewRoman(0)/m/n/12 nvarchar(max)| 
 []


Overfull \hbox (14.79382pt too wide) in paragraph at lines 1208--1208
[]|\TU/TimesNewRoman(0)/m/n/12 ServiceApplications| 
 []


Overfull \hbox (14.79382pt too wide) in paragraph at lines 1209--1209
[]|\TU/TimesNewRoman(0)/m/n/12 ServiceApplications| 
 []


Underfull \hbox (badness 1755) in paragraph at lines 1209--1210
[]|\TU/TimesNewRoman(0)/m/n/12 Thời điểm cập nhật trạng
 []

[43] [44] [45] [46] [47] (main.aux)
 ***********
LaTeX2e <2023-11-01> patch level 1
L3 programming layer <2024-01-04>
 ***********
Package rerunfilecheck Info: File `main.out' has not changed.
(rerunfilecheck)             Checksum: 083883CB1E22B83856512BA42C6CEFC5;19571.
 ) 
Here is how much of TeX's memory you used:
 16674 strings out of 409617
 315478 string characters out of 5774217
 2179191 words of memory out of 5000000
 38583 multiletter control sequences out of 15000+600000
 561381 words of font info for 73 fonts, out of 8000000 for 9000
 1348 hyphenation exceptions out of 8191
 79i,12n,93p,393b,1781s stack positions out of 10000i,1000n,20000p,200000b,200000s

Output written on main.pdf (48 pages).
